<?xml version="1.0" encoding="UTF-8"?>
<testsuite xmlns:xsi="http://www.w3.org/2001/XMLSchema-instance" xsi:noNamespaceSchemaLocation="https://maven.apache.org/surefire/maven-surefire-plugin/xsd/surefire-test-report-3.0.xsd" version="3.0" name="TestSuite" time="1.59" tests="4" errors="0" skipped="0" failures="0">
  <properties>
    <property name="gopherProxySet" value="false"/>
    <property name="awt.toolkit" value="sun.lwawt.macosx.LWCToolkit"/>
    <property name="file.encoding.pkg" value="sun.io"/>
    <property name="java.specification.version" value="1.8"/>
    <property name="sun.cpu.isalist" value=""/>
    <property name="sun.jnu.encoding" value="UTF-8"/>
    <property name="java.class.path" value="/Users/palashpatidar/eclipse-workspace/SimplilearnTestNG/target/test-classes:/Users/palashpatidar/eclipse-workspace/SimplilearnTestNG/target/classes:/Users/palashpatidar/.m2/repository/org/testng/testng/6.14.3/testng-6.14.3.jar:/Users/palashpatidar/.m2/repository/com/beust/jcommander/1.72/jcommander-1.72.jar:/Users/palashpatidar/.m2/repository/org/apache-extras/beanshell/bsh/2.0b6/bsh-2.0b6.jar:"/>
    <property name="java.vm.vendor" value="Oracle Corporation"/>
    <property name="sun.arch.data.model" value="64"/>
    <property name="java.vendor.url" value="http://java.oracle.com/"/>
    <property name="user.timezone" value="Asia/Kolkata"/>
    <property name="java.vm.specification.version" value="1.8"/>
    <property name="os.name" value="Mac OS X"/>
    <property name="user.country" value="IN"/>
    <property name="sun.java.launcher" value="SUN_STANDARD"/>
    <property name="sun.boot.library.path" value="/Library/Java/JavaVirtualMachines/jdk1.8.0_202.jdk/Contents/Home/jre/lib"/>
    <property name="sun.java.command" value="/Users/palashpatidar/eclipse-workspace/SimplilearnTestNG/target/surefire/surefirebooter6555425335655369114.jar /Users/palashpatidar/eclipse-workspace/SimplilearnTestNG/target/surefire 2023-04-16T11-03-05_924-jvmRun1 surefire2605267439524691249tmp surefire_02007282878634485023tmp"/>
    <property name="http.nonProxyHosts" value="local|*.local|169.254/16|*.169.254/16"/>
    <property name="surefire.test.class.path" value="/Users/palashpatidar/eclipse-workspace/SimplilearnTestNG/target/test-classes:/Users/palashpatidar/eclipse-workspace/SimplilearnTestNG/target/classes:/Users/palashpatidar/.m2/repository/org/testng/testng/6.14.3/testng-6.14.3.jar:/Users/palashpatidar/.m2/repository/com/beust/jcommander/1.72/jcommander-1.72.jar:/Users/palashpatidar/.m2/repository/org/apache-extras/beanshell/bsh/2.0b6/bsh-2.0b6.jar:"/>
    <property name="sun.cpu.endian" value="little"/>
    <property name="user.home" value="/Users/palashpatidar"/>
    <property name="user.language" value="en"/>
    <property name="java.specification.vendor" value="Oracle Corporation"/>
    <property name="java.home" value="/Library/Java/JavaVirtualMachines/jdk1.8.0_202.jdk/Contents/Home/jre"/>
    <property name="basedir" value="/Users/palashpatidar/eclipse-workspace/SimplilearnTestNG"/>
    <property name="file.separator" value="/"/>
    <property name="line.separator" value="&#10;"/>
    <property name="java.vm.specification.vendor" value="Oracle Corporation"/>
    <property name="java.specification.name" value="Java Platform API Specification"/>
    <property name="java.awt.graphicsenv" value="sun.awt.CGraphicsEnvironment"/>
    <property name="surefire.real.class.path" value="/Users/palashpatidar/eclipse-workspace/SimplilearnTestNG/target/surefire/surefirebooter6555425335655369114.jar"/>
    <property name="sun.boot.class.path" value="/Library/Java/JavaVirtualMachines/jdk1.8.0_202.jdk/Contents/Home/jre/lib/resources.jar:/Library/Java/JavaVirtualMachines/jdk1.8.0_202.jdk/Contents/Home/jre/lib/rt.jar:/Library/Java/JavaVirtualMachines/jdk1.8.0_202.jdk/Contents/Home/jre/lib/sunrsasign.jar:/Library/Java/JavaVirtualMachines/jdk1.8.0_202.jdk/Contents/Home/jre/lib/jsse.jar:/Library/Java/JavaVirtualMachines/jdk1.8.0_202.jdk/Contents/Home/jre/lib/jce.jar:/Library/Java/JavaVirtualMachines/jdk1.8.0_202.jdk/Contents/Home/jre/lib/charsets.jar:/Library/Java/JavaVirtualMachines/jdk1.8.0_202.jdk/Contents/Home/jre/lib/jfr.jar:/Library/Java/JavaVirtualMachines/jdk1.8.0_202.jdk/Contents/Home/jre/classes"/>
    <property name="sun.management.compiler" value="HotSpot 64-Bit Tiered Compilers"/>
    <property name="ftp.nonProxyHosts" value="local|*.local|169.254/16|*.169.254/16"/>
    <property name="java.runtime.version" value="1.8.0_202-b08"/>
    <property name="user.name" value="palashpatidar"/>
    <property name="path.separator" value=":"/>
    <property name="os.version" value="10.16"/>
    <property name="java.endorsed.dirs" value="/Library/Java/JavaVirtualMachines/jdk1.8.0_202.jdk/Contents/Home/jre/lib/endorsed"/>
    <property name="java.runtime.name" value="Java(TM) SE Runtime Environment"/>
    <property name="file.encoding" value="UTF-8"/>
    <property name="java.vm.name" value="Java HotSpot(TM) 64-Bit Server VM"/>
    <property name="localRepository" value="/Users/palashpatidar/.m2/repository"/>
    <property name="java.vendor.url.bug" value="http://bugreport.sun.com/bugreport/"/>
    <property name="java.io.tmpdir" value="/var/folders/2x/gqzyr53d0nx0cdf2bl35596w0000gn/T/"/>
    <property name="java.version" value="1.8.0_202"/>
    <property name="user.dir" value="/Users/palashpatidar/eclipse-workspace/SimplilearnTestNG"/>
    <property name="os.arch" value="x86_64"/>
    <property name="java.vm.specification.name" value="Java Virtual Machine Specification"/>
    <property name="java.awt.printerjob" value="sun.lwawt.macosx.CPrinterJob"/>
    <property name="sun.os.patch.level" value="unknown"/>
    <property name="java.library.path" value="/Users/palashpatidar/Library/Java/Extensions:/Library/Java/Extensions:/Network/Library/Java/Extensions:/System/Library/Java/Extensions:/usr/lib/java:."/>
    <property name="java.vm.info" value="mixed mode"/>
    <property name="java.vendor" value="Oracle Corporation"/>
    <property name="java.vm.version" value="25.202-b08"/>
    <property name="java.ext.dirs" value="/Users/palashpatidar/Library/Java/Extensions:/Library/Java/JavaVirtualMachines/jdk1.8.0_202.jdk/Contents/Home/jre/lib/ext:/Library/Java/Extensions:/Network/Library/Java/Extensions:/System/Library/Java/Extensions:/usr/lib/java"/>
    <property name="sun.io.unicode.encoding" value="UnicodeBig"/>
    <property name="java.class.version" value="52.0"/>
    <property name="socksNonProxyHosts" value="local|*.local|169.254/16|*.169.254/16"/>
  </properties>
  <testcase name="test3" classname="testcases.CarLoanTest" time="0.004">
    <system-out><![CDATA[[TestNGContentHandler] [WARN] It is strongly recommended to add "<!DOCTYPE suite SYSTEM "http://testng.org/testng-1.0.dtd" >" at the top of your file, otherwise TestNG may fail or not work as expected.
Inside before Test
Inside before method
Inside home loan test 3
]]></system-out>
  </testcase>
  <testcase name="test2" classname="testcases.HomeLoanTest" time="0.001">
    <system-out><![CDATA[Inside after method
Inside before method
Inside home loan test 2
]]></system-out>
  </testcase>
  <testcase name="test1" classname="testcases.HomeLoanTest" time="0">
    <system-out><![CDATA[Inside after method
Inside before method
Inside home loan test 1
]]></system-out>
  </testcase>
  <testcase name="test4" classname="testcases.CreditCardTest" time="0">
    <system-out><![CDATA[Inside after method
Inside before method
inside credit card test4
]]></system-out>
  </testcase>
</testsuite>