<?xml version="1.0" encoding="UTF-8"?>
<!-- Generated by org.testng.reporters.JUnitReportReporter -->
<testsuite skipped="0" hostname="Mccandless-Mac.local" name="testcases.CreditCardTest" tests="1" failures="0" timestamp="2023-04-16T10:39:30 IST" time="0.008" errors="0">
  <testcase name="test4" time="0.008" classname="testcases.CreditCardTest"/>
  <system-out/>
</testsuite> <!-- testcases.CreditCardTest -->
