<?xml version="1.0" encoding="UTF-8"?>
<!-- Generated by org.testng.reporters.JUnitReportReporter -->
<testsuite skipped="0" hostname="Mccandless-Mac.local" name="testcases.HomeLoanTest" tests="2" failures="0" timestamp="2023-04-16T10:39:30 IST" time="0.008" errors="0">
  <testcase name="test2" time="0.006" classname="testcases.HomeLoanTest"/>
  <system-out/>
  <testcase name="test1" time="0.002" classname="testcases.HomeLoanTest"/>
  <system-out/>
</testsuite> <!-- testcases.HomeLoanTest -->
