<?xml version="1.0" encoding="UTF-8"?>
<!-- Generated by org.testng.reporters.JUnitReportReporter -->
<testsuite skipped="0" hostname="Mccandless-Mac.local" name="testcases.CreditCardTest" tests="1" failures="0" timestamp="16 Apr 2023 05:33:09 GMT" time="0.003" errors="0">
  <testcase name="test4" time="0.003" classname="testcases.CreditCardTest"/>
</testsuite> <!-- testcases.CreditCardTest -->
